[error] Failed to fetch Firebase Project from Studio Workspace because WORKSPACE_SLUG environment variable is empty
[error] Failed to fetch Firebase Project from Studio Workspace because WORKSPACE_SLUG environment variable is empty
[debug] [2025-11-29T12:13:53.513Z] > command requires scopes: ["email","openid","https://www.googleapis.com/auth/cloudplatformprojects.readonly","https://www.googleapis.com/auth/firebase","https://www.googleapis.com/auth/cloud-platform","https://www.googleapis.com/auth/userinfo.email"]
[debug] [2025-11-29T12:13:53.514Z] > authorizing via signed-in user (paulomapurunga@gmail.com)
[debug] [2025-11-29T12:13:53.543Z] Checked if tokens are valid: false, expires at: 1764373068590
[debug] [2025-11-29T12:13:53.544Z] Checked if tokens are valid: false, expires at: 1764373068590
[debug] [2025-11-29T12:13:53.545Z] > refreshing access token with scopes: []
[debug] [2025-11-29T12:13:53.551Z] >>> [apiv2][query] POST https://www.googleapis.com/oauth2/v3/token [none]
[debug] [2025-11-29T12:13:53.551Z] >>> [apiv2][body] POST https://www.googleapis.com/oauth2/v3/token [omitted]
[debug] [2025-11-29T12:13:53.556Z] Checked if tokens are valid: false, expires at: 1764373068590
[debug] [2025-11-29T12:13:53.556Z] Checked if tokens are valid: false, expires at: 1764373068590
[debug] [2025-11-29T12:13:53.557Z] > refreshing access token with scopes: []
[debug] [2025-11-29T12:13:53.558Z] >>> [apiv2][query] POST https://www.googleapis.com/oauth2/v3/token [none]
[debug] [2025-11-29T12:13:53.558Z] >>> [apiv2][body] POST https://www.googleapis.com/oauth2/v3/token [omitted]
[error] Failed to fetch Firebase Project from Studio Workspace because WORKSPACE_SLUG environment variable is empty
[error] Failed to fetch Firebase Project from Studio Workspace because WORKSPACE_SLUG environment variable is empty
[debug] [2025-11-29T12:13:53.608Z] > command requires scopes: ["email","openid","https://www.googleapis.com/auth/cloudplatformprojects.readonly","https://www.googleapis.com/auth/firebase","https://www.googleapis.com/auth/cloud-platform","https://www.googleapis.com/auth/userinfo.email"]
[debug] [2025-11-29T12:13:53.609Z] > authorizing via signed-in user (paulomapurunga@gmail.com)
[debug] [2025-11-29T12:13:53.613Z] Checked if tokens are valid: false, expires at: 1764373068590
[debug] [2025-11-29T12:13:53.613Z] Checked if tokens are valid: false, expires at: 1764373068590
[debug] [2025-11-29T12:13:53.613Z] > refreshing access token with scopes: []
[debug] [2025-11-29T12:13:53.614Z] >>> [apiv2][query] POST https://www.googleapis.com/oauth2/v3/token [none]
[debug] [2025-11-29T12:13:53.615Z] >>> [apiv2][body] POST https://www.googleapis.com/oauth2/v3/token [omitted]
[debug] [2025-11-29T12:13:53.618Z] Checked if tokens are valid: false, expires at: 1764373068590
[debug] [2025-11-29T12:13:53.618Z] Checked if tokens are valid: false, expires at: 1764373068590
[debug] [2025-11-29T12:13:53.618Z] > refreshing access token with scopes: []
[debug] [2025-11-29T12:13:53.618Z] >>> [apiv2][query] POST https://www.googleapis.com/oauth2/v3/token [none]
[debug] [2025-11-29T12:13:53.619Z] >>> [apiv2][body] POST https://www.googleapis.com/oauth2/v3/token [omitted]
[debug] [2025-11-29T12:13:53.750Z] <<< [apiv2][status] POST https://www.googleapis.com/oauth2/v3/token 200
[debug] [2025-11-29T12:13:53.750Z] <<< [apiv2][body] POST https://www.googleapis.com/oauth2/v3/token [omitted]
[debug] [2025-11-29T12:13:53.776Z] >>> [apiv2][query] GET https://serviceusage.googleapis.com/v1/projects/processai-468612/services/firebaseapphosting.googleapis.com [none]
[debug] [2025-11-29T12:13:53.776Z] >>> [apiv2][(partial)header] GET https://serviceusage.googleapis.com/v1/projects/processai-468612/services/firebaseapphosting.googleapis.com x-goog-quota-user=projects/processai-468612
[debug] [2025-11-29T12:13:53.801Z] <<< [apiv2][status] POST https://www.googleapis.com/oauth2/v3/token 200
[debug] [2025-11-29T12:13:53.802Z] <<< [apiv2][body] POST https://www.googleapis.com/oauth2/v3/token [omitted]
[debug] [2025-11-29T12:13:53.821Z] >>> [apiv2][query] GET https://serviceusage.googleapis.com/v1/projects/processai-468612/services/firebaseapphosting.googleapis.com [none]
[debug] [2025-11-29T12:13:53.822Z] >>> [apiv2][(partial)header] GET https://serviceusage.googleapis.com/v1/projects/processai-468612/services/firebaseapphosting.googleapis.com x-goog-quota-user=projects/processai-468612
[debug] [2025-11-29T12:13:53.834Z] <<< [apiv2][status] POST https://www.googleapis.com/oauth2/v3/token 200
[debug] [2025-11-29T12:13:53.835Z] <<< [apiv2][body] POST https://www.googleapis.com/oauth2/v3/token [omitted]
[debug] [2025-11-29T12:13:53.855Z] >>> [apiv2][query] GET https://serviceusage.googleapis.com/v1/projects/processai-468612/services/firebaseio.com [none]
[debug] [2025-11-29T12:13:53.855Z] >>> [apiv2][(partial)header] GET https://serviceusage.googleapis.com/v1/projects/processai-468612/services/firebaseio.com x-goog-quota-user=projects/processai-468612
[debug] [2025-11-29T12:13:53.871Z] <<< [apiv2][status] POST https://www.googleapis.com/oauth2/v3/token 200
[debug] [2025-11-29T12:13:53.872Z] <<< [apiv2][body] POST https://www.googleapis.com/oauth2/v3/token [omitted]
[debug] [2025-11-29T12:13:53.893Z] >>> [apiv2][query] GET https://serviceusage.googleapis.com/v1/projects/processai-468612/services/firebaseio.com [none]
[debug] [2025-11-29T12:13:53.893Z] >>> [apiv2][(partial)header] GET https://serviceusage.googleapis.com/v1/projects/processai-468612/services/firebaseio.com x-goog-quota-user=projects/processai-468612
[debug] [2025-11-29T12:13:54.062Z] <<< [apiv2][status] GET https://serviceusage.googleapis.com/v1/projects/processai-468612/services/firebaseio.com 403
[debug] [2025-11-29T12:13:54.063Z] <<< [apiv2][body] GET https://serviceusage.googleapis.com/v1/projects/processai-468612/services/firebaseio.com [omitted]
[debug] [2025-11-29T12:13:54.075Z] <<< [apiv2][status] GET https://serviceusage.googleapis.com/v1/projects/processai-468612/services/firebaseio.com 403
[debug] [2025-11-29T12:13:54.076Z] <<< [apiv2][body] GET https://serviceusage.googleapis.com/v1/projects/processai-468612/services/firebaseio.com [omitted]
[debug] [2025-11-29T12:13:54.114Z] <<< [apiv2][status] GET https://serviceusage.googleapis.com/v1/projects/processai-468612/services/firebaseapphosting.googleapis.com 200
[debug] [2025-11-29T12:13:54.114Z] <<< [apiv2][body] GET https://serviceusage.googleapis.com/v1/projects/processai-468612/services/firebaseapphosting.googleapis.com [omitted]
[error] Failed to fetch Firebase Project from Studio Workspace because WORKSPACE_SLUG environment variable is empty
[error] Failed to fetch Firebase Project from Studio Workspace because WORKSPACE_SLUG environment variable is empty
[error] Failed to fetch Firebase Project from Studio Workspace because WORKSPACE_SLUG environment variable is empty
[debug] [2025-11-29T12:13:54.149Z] > command requires scopes: ["email","openid","https://www.googleapis.com/auth/cloudplatformprojects.readonly","https://www.googleapis.com/auth/firebase","https://www.googleapis.com/auth/cloud-platform","https://www.googleapis.com/auth/userinfo.email"]
[debug] [2025-11-29T12:13:54.150Z] > authorizing via signed-in user (paulomapurunga@gmail.com)
[error] Failed to fetch Firebase Project from Studio Workspace because WORKSPACE_SLUG environment variable is empty
[debug] [2025-11-29T12:13:54.165Z] > command requires scopes: ["email","openid","https://www.googleapis.com/auth/cloudplatformprojects.readonly","https://www.googleapis.com/auth/firebase","https://www.googleapis.com/auth/cloud-platform","https://www.googleapis.com/auth/userinfo.email"]
[debug] [2025-11-29T12:13:54.165Z] > authorizing via signed-in user (paulomapurunga@gmail.com)
[error] Failed to fetch Firebase Project from Studio Workspace because WORKSPACE_SLUG environment variable is empty
[error] Failed to fetch Firebase Project from Studio Workspace because WORKSPACE_SLUG environment variable is empty
[error] Failed to fetch Firebase Project from Studio Workspace because WORKSPACE_SLUG environment variable is empty
[error] Failed to fetch Firebase Project from Studio Workspace because WORKSPACE_SLUG environment variable is empty
[debug] [2025-11-29T12:13:54.232Z] > command requires scopes: ["email","openid","https://www.googleapis.com/auth/cloudplatformprojects.readonly","https://www.googleapis.com/auth/firebase","https://www.googleapis.com/auth/cloud-platform","https://www.googleapis.com/auth/userinfo.email"]
[debug] [2025-11-29T12:13:54.235Z] > authorizing via signed-in user (paulomapurunga@gmail.com)
[error] Failed to fetch Firebase Project from Studio Workspace because WORKSPACE_SLUG environment variable is empty
[debug] [2025-11-29T12:13:54.237Z] > command requires scopes: ["email","openid","https://www.googleapis.com/auth/cloudplatformprojects.readonly","https://www.googleapis.com/auth/firebase","https://www.googleapis.com/auth/cloud-platform","https://www.googleapis.com/auth/userinfo.email"]
[debug] [2025-11-29T12:13:54.237Z] > authorizing via signed-in user (paulomapurunga@gmail.com)
[debug] [2025-11-29T12:13:54.244Z] <<< [apiv2][status] GET https://serviceusage.googleapis.com/v1/projects/processai-468612/services/firebaseapphosting.googleapis.com 200
[debug] [2025-11-29T12:13:54.244Z] <<< [apiv2][body] GET https://serviceusage.googleapis.com/v1/projects/processai-468612/services/firebaseapphosting.googleapis.com [omitted]
[error] Failed to fetch Firebase Project from Studio Workspace because WORKSPACE_SLUG environment variable is empty
[error] Failed to fetch Firebase Project from Studio Workspace because WORKSPACE_SLUG environment variable is empty
[debug] [2025-11-29T12:13:54.273Z] > command requires scopes: ["email","openid","https://www.googleapis.com/auth/cloudplatformprojects.readonly","https://www.googleapis.com/auth/firebase","https://www.googleapis.com/auth/cloud-platform","https://www.googleapis.com/auth/userinfo.email"]
[debug] [2025-11-29T12:13:54.274Z] > authorizing via signed-in user (paulomapurunga@gmail.com)
[error] Failed to fetch Firebase Project from Studio Workspace because WORKSPACE_SLUG environment variable is empty
[debug] [2025-11-29T12:13:54.280Z] > command requires scopes: ["email","openid","https://www.googleapis.com/auth/cloudplatformprojects.readonly","https://www.googleapis.com/auth/firebase","https://www.googleapis.com/auth/cloud-platform","https://www.googleapis.com/auth/userinfo.email"]
[debug] [2025-11-29T12:13:54.286Z] > authorizing via signed-in user (paulomapurunga@gmail.com)
[error] Failed to fetch Firebase Project from Studio Workspace because WORKSPACE_SLUG environment variable is empty
[error] Failed to fetch Firebase Project from Studio Workspace because WORKSPACE_SLUG environment variable is empty
[error] Failed to fetch Firebase Project from Studio Workspace because WORKSPACE_SLUG environment variable is empty
[error] Failed to fetch Firebase Project from Studio Workspace because WORKSPACE_SLUG environment variable is empty
[debug] [2025-11-29T14:39:25.435Z] > command requires scopes: ["email","openid","https://www.googleapis.com/auth/cloudplatformprojects.readonly","https://www.googleapis.com/auth/firebase","https://www.googleapis.com/auth/cloud-platform","https://www.googleapis.com/auth/userinfo.email"]
[debug] [2025-11-29T14:39:25.437Z] > authorizing via signed-in user (paulomapurunga@gmail.com)
[debug] [2025-11-29T14:39:25.462Z] Checked if tokens are valid: false, expires at: 1764422032872
[debug] [2025-11-29T14:39:25.463Z] Checked if tokens are valid: false, expires at: 1764422032872
[debug] [2025-11-29T14:39:25.464Z] > refreshing access token with scopes: []
[debug] [2025-11-29T14:39:25.468Z] >>> [apiv2][query] POST https://www.googleapis.com/oauth2/v3/token [none]
[debug] [2025-11-29T14:39:25.469Z] >>> [apiv2][body] POST https://www.googleapis.com/oauth2/v3/token [omitted]
[debug] [2025-11-29T14:39:25.474Z] Checked if tokens are valid: false, expires at: 1764422032872
[debug] [2025-11-29T14:39:25.475Z] Checked if tokens are valid: false, expires at: 1764422032872
[debug] [2025-11-29T14:39:25.475Z] > refreshing access token with scopes: []
[debug] [2025-11-29T14:39:25.477Z] >>> [apiv2][query] POST https://www.googleapis.com/oauth2/v3/token [none]
[debug] [2025-11-29T14:39:25.477Z] >>> [apiv2][body] POST https://www.googleapis.com/oauth2/v3/token [omitted]
[debug] [2025-11-29T14:39:25.484Z] > command requires scopes: ["email","openid","https://www.googleapis.com/auth/cloudplatformprojects.readonly","https://www.googleapis.com/auth/firebase","https://www.googleapis.com/auth/cloud-platform","https://www.googleapis.com/auth/userinfo.email"]
[debug] [2025-11-29T14:39:25.484Z] > authorizing via signed-in user (paulomapurunga@gmail.com)
[debug] [2025-11-29T14:39:25.491Z] Checked if tokens are valid: false, expires at: 1764422032872
[debug] [2025-11-29T14:39:25.491Z] Checked if tokens are valid: false, expires at: 1764422032872
[debug] [2025-11-29T14:39:25.491Z] > refreshing access token with scopes: []
[debug] [2025-11-29T14:39:25.492Z] >>> [apiv2][query] POST https://www.googleapis.com/oauth2/v3/token [none]
[debug] [2025-11-29T14:39:25.493Z] >>> [apiv2][body] POST https://www.googleapis.com/oauth2/v3/token [omitted]
[debug] [2025-11-29T14:39:25.497Z] Checked if tokens are valid: false, expires at: 1764422032872
[debug] [2025-11-29T14:39:25.497Z] Checked if tokens are valid: false, expires at: 1764422032872
[debug] [2025-11-29T14:39:25.497Z] > refreshing access token with scopes: []
[debug] [2025-11-29T14:39:25.498Z] >>> [apiv2][query] POST https://www.googleapis.com/oauth2/v3/token [none]
[debug] [2025-11-29T14:39:25.498Z] >>> [apiv2][body] POST https://www.googleapis.com/oauth2/v3/token [omitted]
[debug] [2025-11-29T14:39:25.688Z] <<< [apiv2][status] POST https://www.googleapis.com/oauth2/v3/token 200
[debug] [2025-11-29T14:39:25.688Z] <<< [apiv2][body] POST https://www.googleapis.com/oauth2/v3/token [omitted]
[debug] [2025-11-29T14:39:25.720Z] >>> [apiv2][query] GET https://serviceusage.googleapis.com/v1/projects/processai-468612/services/firebaseapphosting.googleapis.com [none]
[debug] [2025-11-29T14:39:25.720Z] >>> [apiv2][(partial)header] GET https://serviceusage.googleapis.com/v1/projects/processai-468612/services/firebaseapphosting.googleapis.com x-goog-quota-user=projects/processai-468612
[debug] [2025-11-29T14:39:25.781Z] <<< [apiv2][status] POST https://www.googleapis.com/oauth2/v3/token 200
[debug] [2025-11-29T14:39:25.787Z] <<< [apiv2][body] POST https://www.googleapis.com/oauth2/v3/token [omitted]
[debug] [2025-11-29T14:39:25.824Z] >>> [apiv2][query] GET https://serviceusage.googleapis.com/v1/projects/processai-468612/services/firebaseapphosting.googleapis.com [none]
[debug] [2025-11-29T14:39:25.826Z] >>> [apiv2][(partial)header] GET https://serviceusage.googleapis.com/v1/projects/processai-468612/services/firebaseapphosting.googleapis.com x-goog-quota-user=projects/processai-468612
[debug] [2025-11-29T14:39:25.913Z] <<< [apiv2][status] POST https://www.googleapis.com/oauth2/v3/token 200
[debug] [2025-11-29T14:39:25.913Z] <<< [apiv2][body] POST https://www.googleapis.com/oauth2/v3/token [omitted]
[debug] [2025-11-29T14:39:25.940Z] >>> [apiv2][query] GET https://serviceusage.googleapis.com/v1/projects/processai-468612/services/firebaseio.com [none]
[debug] [2025-11-29T14:39:25.941Z] >>> [apiv2][(partial)header] GET https://serviceusage.googleapis.com/v1/projects/processai-468612/services/firebaseio.com x-goog-quota-user=projects/processai-468612
[debug] [2025-11-29T14:39:26.028Z] <<< [apiv2][status] POST https://www.googleapis.com/oauth2/v3/token 200
[debug] [2025-11-29T14:39:26.028Z] <<< [apiv2][body] POST https://www.googleapis.com/oauth2/v3/token [omitted]
[debug] [2025-11-29T14:39:26.058Z] >>> [apiv2][query] GET https://serviceusage.googleapis.com/v1/projects/processai-468612/services/firebaseio.com [none]
[debug] [2025-11-29T14:39:26.058Z] >>> [apiv2][(partial)header] GET https://serviceusage.googleapis.com/v1/projects/processai-468612/services/firebaseio.com x-goog-quota-user=projects/processai-468612
[debug] [2025-11-29T14:39:26.141Z] <<< [apiv2][status] GET https://serviceusage.googleapis.com/v1/projects/processai-468612/services/firebaseapphosting.googleapis.com 200
[debug] [2025-11-29T14:39:26.146Z] <<< [apiv2][body] GET https://serviceusage.googleapis.com/v1/projects/processai-468612/services/firebaseapphosting.googleapis.com [omitted]
[debug] [2025-11-29T14:39:26.156Z] <<< [apiv2][status] GET https://serviceusage.googleapis.com/v1/projects/processai-468612/services/firebaseio.com 403
[debug] [2025-11-29T14:39:26.156Z] <<< [apiv2][body] GET https://serviceusage.googleapis.com/v1/projects/processai-468612/services/firebaseio.com [omitted]
[debug] [2025-11-29T14:39:26.235Z] <<< [apiv2][status] GET https://serviceusage.googleapis.com/v1/projects/processai-468612/services/firebaseio.com 403
[debug] [2025-11-29T14:39:26.238Z] <<< [apiv2][body] GET https://serviceusage.googleapis.com/v1/projects/processai-468612/services/firebaseio.com [omitted]
[error] Failed to fetch Firebase Project from Studio Workspace because WORKSPACE_SLUG environment variable is empty
[error] Failed to fetch Firebase Project from Studio Workspace because WORKSPACE_SLUG environment variable is empty
[error] Failed to fetch Firebase Project from Studio Workspace because WORKSPACE_SLUG environment variable is empty
[debug] [2025-11-29T14:39:26.304Z] > command requires scopes: ["email","openid","https://www.googleapis.com/auth/cloudplatformprojects.readonly","https://www.googleapis.com/auth/firebase","https://www.googleapis.com/auth/cloud-platform","https://www.googleapis.com/auth/userinfo.email"]
[debug] [2025-11-29T14:39:26.304Z] > authorizing via signed-in user (paulomapurunga@gmail.com)
[error] Failed to fetch Firebase Project from Studio Workspace because WORKSPACE_SLUG environment variable is empty
[debug] [2025-11-29T14:39:26.313Z] > command requires scopes: ["email","openid","https://www.googleapis.com/auth/cloudplatformprojects.readonly","https://www.googleapis.com/auth/firebase","https://www.googleapis.com/auth/cloud-platform","https://www.googleapis.com/auth/userinfo.email"]
[debug] [2025-11-29T14:39:26.314Z] > authorizing via signed-in user (paulomapurunga@gmail.com)
[debug] [2025-11-29T14:39:26.320Z] <<< [apiv2][status] GET https://serviceusage.googleapis.com/v1/projects/processai-468612/services/firebaseapphosting.googleapis.com 200
[debug] [2025-11-29T14:39:26.321Z] <<< [apiv2][body] GET https://serviceusage.googleapis.com/v1/projects/processai-468612/services/firebaseapphosting.googleapis.com [omitted]
[error] Failed to fetch Firebase Project from Studio Workspace because WORKSPACE_SLUG environment variable is empty
[error] Failed to fetch Firebase Project from Studio Workspace because WORKSPACE_SLUG environment variable is empty
[error] Failed to fetch Firebase Project from Studio Workspace because WORKSPACE_SLUG environment variable is empty
[error] Failed to fetch Firebase Project from Studio Workspace because WORKSPACE_SLUG environment variable is empty
[debug] [2025-11-29T14:39:26.406Z] > command requires scopes: ["email","openid","https://www.googleapis.com/auth/cloudplatformprojects.readonly","https://www.googleapis.com/auth/firebase","https://www.googleapis.com/auth/cloud-platform","https://www.googleapis.com/auth/userinfo.email"]
[debug] [2025-11-29T14:39:26.406Z] > authorizing via signed-in user (paulomapurunga@gmail.com)
[error] Failed to fetch Firebase Project from Studio Workspace because WORKSPACE_SLUG environment variable is empty
[debug] [2025-11-29T14:39:26.413Z] > command requires scopes: ["email","openid","https://www.googleapis.com/auth/cloudplatformprojects.readonly","https://www.googleapis.com/auth/firebase","https://www.googleapis.com/auth/cloud-platform","https://www.googleapis.com/auth/userinfo.email"]
[debug] [2025-11-29T14:39:26.413Z] > authorizing via signed-in user (paulomapurunga@gmail.com)
[error] Failed to fetch Firebase Project from Studio Workspace because WORKSPACE_SLUG environment variable is empty
[error] Failed to fetch Firebase Project from Studio Workspace because WORKSPACE_SLUG environment variable is empty
[debug] [2025-11-29T14:39:26.503Z] > command requires scopes: ["email","openid","https://www.googleapis.com/auth/cloudplatformprojects.readonly","https://www.googleapis.com/auth/firebase","https://www.googleapis.com/auth/cloud-platform","https://www.googleapis.com/auth/userinfo.email"]
[debug] [2025-11-29T14:39:26.503Z] > authorizing via signed-in user (paulomapurunga@gmail.com)
[error] Failed to fetch Firebase Project from Studio Workspace because WORKSPACE_SLUG environment variable is empty
[debug] [2025-11-29T14:39:26.520Z] > command requires scopes: ["email","openid","https://www.googleapis.com/auth/cloudplatformprojects.readonly","https://www.googleapis.com/auth/firebase","https://www.googleapis.com/auth/cloud-platform","https://www.googleapis.com/auth/userinfo.email"]
[debug] [2025-11-29T14:39:26.520Z] > authorizing via signed-in user (paulomapurunga@gmail.com)
